<?xml version="1.0" encoding="UTF-8"?>
<testsuite name="WebIT" time="0.112" tests="4" errors="2" skipped="0" failures="0">
  <properties>
[...]
</properties>
  <testcase name="Given I am on Amazon home page" classname="Scenario: Search Samsung" time="0.019"/>
  <testcase name="When I search for Samsung phones" classname="Scenario: Search Samsung" time="0"/>
  <testcase name="Then I should see list of Samsung phones displayed" classname="Scenario: Search Samsung" time="0.046">
    <error message="Cannot find element using locator mechanism: By.cssSelector: span[class=&apos;a-color-state.a-text-bold&apos;] and conditions: present&#10;For documentation on this error, please visit: http://seleniumhq.org/exceptions/no_such_element.html&#10;Build info: version: &apos;3.4.0&apos;, revision: &apos;unknown&apos;, time: &apos;unknown&apos;&#10;System info: host: &apos;VISHALs-MacBook-Pro-2.local&apos;, ip: &apos;192.168.40.106&apos;, os.name: &apos;Mac OS X&apos;, os.arch: &apos;x86_64&apos;, os.version: &apos;10.10.3&apos;, java.version: &apos;1.8.0_161&apos;&#10;Driver info: driver.version: unknown" type="org.openqa.selenium.NoSuchElementException"><![CDATA[org.openqa.selenium.NoSuchElementException: Cannot find element using locator mechanism: By.cssSelector: span[class='a-color-state.a-text-bold'] and conditions: present
For documentation on this error, please visit: http://seleniumhq.org/exceptions/no_such_element.html
Build info: version: '3.4.0', revision: 'unknown', time: 'unknown'
System info: host: 'VISHALs-MacBook-Pro-2.local', ip: '192.168.40.106', os.name: 'Mac OS X', os.arch: 'x86_64', os.version: '10.10.3', java.version: '1.8.0_161'
Driver info: driver.version: unknown
	at io.magentys.cinnamon.webdriver.elements.WebElementWrapper.lambda$0(WebElementWrapper.java:37)
	at java.util.Optional.orElseThrow(Optional.java:290)
	at io.magentys.cinnamon.webdriver.elements.WebElementWrapper.getWrappedElement(WebElementWrapper.java:37)
	at io.magentys.cinnamon.webdriver.elements.WebElementWrapper.getText(WebElementWrapper.java:94)
	at io.magentys.cinnamon.webdriver.elements.PageElementFacade.getText(PageElementFacade.java:74)
	at sun.reflect.NativeMethodAccessorImpl.invoke0(Native Method)
	at sun.reflect.NativeMethodAccessorImpl.invoke(NativeMethodAccessorImpl.java:62)
	at sun.reflect.DelegatingMethodAccessorImpl.invoke(DelegatingMethodAccessorImpl.java:43)
	at java.lang.reflect.Method.invoke(Method.java:498)
	at io.magentys.cinnamon.webdriver.support.pagefactory.PageElementInterceptor.intercept(PageElementInterceptor.java:28)
	at io.magentys.cinnamon.webdriver.elements.PageElement$$EnhancerByCGLIB$$72dc5c45.getText(<generated>)
	at com.practice.pages.LandingPage.verifySamsung(LandingPage.java:46)
	at com.practice.stepdefs.StepDefs.i_should_see_list_of_Samsung_phones_displayed(StepDefs.java:38)
	at ✽.Then I should see list of Samsung phones displayed(features/web.feature:12)
]]></error>
  </testcase>
  <testcase name="Scenario: Search Samsung" classname="Scenario: Search Samsung" time="0.047">
    <error message="Cannot find element using locator mechanism: By.cssSelector: span[class=&apos;a-color-state.a-text-bold&apos;] and conditions: present&#10;For documentation on this error, please visit: http://seleniumhq.org/exceptions/no_such_element.html&#10;Build info: version: &apos;3.4.0&apos;, revision: &apos;unknown&apos;, time: &apos;unknown&apos;&#10;System info: host: &apos;VISHALs-MacBook-Pro-2.local&apos;, ip: &apos;192.168.40.106&apos;, os.name: &apos;Mac OS X&apos;, os.arch: &apos;x86_64&apos;, os.version: &apos;10.10.3&apos;, java.version: &apos;1.8.0_161&apos;&#10;Driver info: driver.version: unknown" type="org.openqa.selenium.NoSuchElementException"><![CDATA[org.openqa.selenium.NoSuchElementException: Cannot find element using locator mechanism: By.cssSelector: span[class='a-color-state.a-text-bold'] and conditions: present
For documentation on this error, please visit: http://seleniumhq.org/exceptions/no_such_element.html
Build info: version: '3.4.0', revision: 'unknown', time: 'unknown'
System info: host: 'VISHALs-MacBook-Pro-2.local', ip: '192.168.40.106', os.name: 'Mac OS X', os.arch: 'x86_64', os.version: '10.10.3', java.version: '1.8.0_161'
Driver info: driver.version: unknown
	at io.magentys.cinnamon.webdriver.elements.WebElementWrapper.lambda$0(WebElementWrapper.java:37)
	at java.util.Optional.orElseThrow(Optional.java:290)
	at io.magentys.cinnamon.webdriver.elements.WebElementWrapper.getWrappedElement(WebElementWrapper.java:37)
	at io.magentys.cinnamon.webdriver.elements.WebElementWrapper.getText(WebElementWrapper.java:94)
	at io.magentys.cinnamon.webdriver.elements.PageElementFacade.getText(PageElementFacade.java:74)
	at sun.reflect.NativeMethodAccessorImpl.invoke0(Native Method)
	at sun.reflect.NativeMethodAccessorImpl.invoke(NativeMethodAccessorImpl.java:62)
	at sun.reflect.DelegatingMethodAccessorImpl.invoke(DelegatingMethodAccessorImpl.java:43)
	at java.lang.reflect.Method.invoke(Method.java:498)
	at io.magentys.cinnamon.webdriver.support.pagefactory.PageElementInterceptor.intercept(PageElementInterceptor.java:28)
	at io.magentys.cinnamon.webdriver.elements.PageElement$$EnhancerByCGLIB$$72dc5c45.getText(<generated>)
	at com.practice.pages.LandingPage.verifySamsung(LandingPage.java:46)
	at com.practice.stepdefs.StepDefs.i_should_see_list_of_Samsung_phones_displayed(StepDefs.java:38)
	at ✽.Then I should see list of Samsung phones displayed(features/web.feature:12)
]]></error>
  </testcase>
</testsuite>