<?xml version="1.0" encoding="UTF-8"?>
<testsuite name="WebIT" time="0.112" tests="4" errors="2" skipped="0" failures="0">
  <properties>
    <property name="java.runtime.name" value="Java(TM) SE Runtime Environment"/>
    <property name="sun.boot.library.path" value="/Library/Java/JavaVirtualMachines/jdk1.8.0_161.jdk/Contents/Home/jre/lib"/>
    <property name="java.vm.version" value="25.161-b12"/>
    <property name="gopherProxySet" value="false"/>
    <property name="java.vm.vendor" value="Oracle Corporation"/>
    <property name="maven.multiModuleProjectDirectory" value="/Users/OMSHREEEK/cinnamon_prac"/>
    <property name="java.vendor.url" value="http://java.oracle.com/"/>
    <property name="path.separator" value=":"/>
    <property name="guice.disable.misplaced.annotation.check" value="true"/>
    <property name="java.vm.name" value="Java HotSpot(TM) 64-Bit Server VM"/>
    <property name="file.encoding.pkg" value="sun.io"/>
    <property name="env" value="default"/>
    <property name="user.country" value="US"/>
    <property name="sun.java.launcher" value="SUN_STANDARD"/>
    <property name="sun.os.patch.level" value="unknown"/>
    <property name="java.vm.specification.name" value="Java Virtual Machine Specification"/>
    <property name="user.dir" value="/Users/OMSHREEEK/Cinnamon_prac"/>
    <property name="java.runtime.version" value="1.8.0_161-b12"/>
    <property name="browserProfile-chrome" value="true"/>
    <property name="java.awt.graphicsenv" value="sun.awt.CGraphicsEnvironment"/>
    <property name="java.endorsed.dirs" value="/Library/Java/JavaVirtualMachines/jdk1.8.0_161.jdk/Contents/Home/jre/lib/endorsed"/>
    <property name="os.arch" value="x86_64"/>
    <property name="java.io.tmpdir" value="/var/folders/l6/b5y6_s1d6ts3z411fsp9j3n40000gn/T/"/>
    <property name="line.separator" value="&#10;"/>
    <property name="java.vm.specification.vendor" value="Oracle Corporation"/>
    <property name="os.name" value="Mac OS X"/>
    <property name="classworlds.conf" value="/usr/local/Cellar/maven/3.5.2/libexec/bin/m2.conf"/>
    <property name="sun.jnu.encoding" value="UTF-8"/>
    <property name="java.library.path" value="/Users/OMSHREEEK/Library/Java/Extensions:/Library/Java/Extensions:/Network/Library/Java/Extensions:/System/Library/Java/Extensions:/usr/lib/java:."/>
    <property name="cucmber.options" value="--tags @wip"/>
    <property name="maven.conf" value="/usr/local/Cellar/maven/3.5.2/libexec/conf"/>
    <property name="java.specification.name" value="Java Platform API Specification"/>
    <property name="java.class.version" value="52.0"/>
    <property name="sun.management.compiler" value="HotSpot 64-Bit Tiered Compilers"/>
    <property name="os.version" value="10.10.3"/>
    <property name="http.nonProxyHosts" value="local|*.local|169.254/16|*.169.254/16"/>
    <property name="library.jansi.path" value="/usr/local/Cellar/maven/3.5.2/libexec/lib/jansi-native"/>
    <property name="user.home" value="/Users/OMSHREEEK"/>
    <property name="user.timezone" value="Europe/London"/>
    <property name="java.awt.printerjob" value="sun.lwawt.macosx.CPrinterJob"/>
    <property name="java.specification.version" value="1.8"/>
    <property name="file.encoding" value="UTF-8"/>
    <property name="user.name" value="OMSHREEEK"/>
    <property name="java.class.path" value="/usr/local/Cellar/maven/3.5.2/libexec/boot/plexus-classworlds-2.5.2.jar"/>
    <property name="java.vm.specification.version" value="1.8"/>
    <property name="sun.arch.data.model" value="64"/>
    <property name="java.home" value="/Library/Java/JavaVirtualMachines/jdk1.8.0_161.jdk/Contents/Home/jre"/>
    <property name="sun.java.command" value="org.codehaus.plexus.classworlds.launcher.Launcher clean install -DbrowserProfile-chrome -Denv=default -Dcucmber.options=--tags @wip"/>
    <property name="java.specification.vendor" value="Oracle Corporation"/>
    <property name="user.language" value="en"/>
    <property name="awt.toolkit" value="sun.lwawt.macosx.LWCToolkit"/>
    <property name="java.vm.info" value="mixed mode"/>
    <property name="java.version" value="1.8.0_161"/>
    <property name="java.ext.dirs" value="/Users/OMSHREEEK/Library/Java/Extensions:/Library/Java/JavaVirtualMachines/jdk1.8.0_161.jdk/Contents/Home/jre/lib/ext:/Library/Java/Extensions:/Network/Library/Java/Extensions:/System/Library/Java/Extensions:/usr/lib/java"/>
    <property name="sun.boot.class.path" value="/Library/Java/JavaVirtualMachines/jdk1.8.0_161.jdk/Contents/Home/jre/lib/resources.jar:/Library/Java/JavaVirtualMachines/jdk1.8.0_161.jdk/Contents/Home/jre/lib/rt.jar:/Library/Java/JavaVirtualMachines/jdk1.8.0_161.jdk/Contents/Home/jre/lib/sunrsasign.jar:/Library/Java/JavaVirtualMachines/jdk1.8.0_161.jdk/Contents/Home/jre/lib/jsse.jar:/Library/Java/JavaVirtualMachines/jdk1.8.0_161.jdk/Contents/Home/jre/lib/jce.jar:/Library/Java/JavaVirtualMachines/jdk1.8.0_161.jdk/Contents/Home/jre/lib/charsets.jar:/Library/Java/JavaVirtualMachines/jdk1.8.0_161.jdk/Contents/Home/jre/lib/jfr.jar:/Library/Java/JavaVirtualMachines/jdk1.8.0_161.jdk/Contents/Home/jre/classes"/>
    <property name="java.vendor" value="Oracle Corporation"/>
    <property name="maven.home" value="/usr/local/Cellar/maven/3.5.2/libexec"/>
    <property name="file.separator" value="/"/>
    <property name="java.vendor.url.bug" value="http://bugreport.sun.com/bugreport/"/>
    <property name="sun.cpu.endian" value="little"/>
    <property name="sun.io.unicode.encoding" value="UnicodeBig"/>
    <property name="socksNonProxyHosts" value="local|*.local|169.254/16|*.169.254/16"/>
    <property name="ftp.nonProxyHosts" value="local|*.local|169.254/16|*.169.254/16"/>
    <property name="sun.cpu.isalist" value=""/>
  </properties>
  <testcase name="Given I am on Amazon home page" classname="Scenario: Search Samsung" time="0.019"/>
  <testcase name="When I search for Samsung phones" classname="Scenario: Search Samsung" time="0"/>
  <testcase name="Then I should see list of Samsung phones displayed" classname="Scenario: Search Samsung" time="0.046">
    <error message="Cannot find element using locator mechanism: By.cssSelector: span[class=&apos;a-color-state.a-text-bold&apos;] and conditions: present&#10;For documentation on this error, please visit: http://seleniumhq.org/exceptions/no_such_element.html&#10;Build info: version: &apos;3.4.0&apos;, revision: &apos;unknown&apos;, time: &apos;unknown&apos;&#10;System info: host: &apos;VISHALs-MacBook-Pro-2.local&apos;, ip: &apos;192.168.40.106&apos;, os.name: &apos;Mac OS X&apos;, os.arch: &apos;x86_64&apos;, os.version: &apos;10.10.3&apos;, java.version: &apos;1.8.0_161&apos;&#10;Driver info: driver.version: unknown" type="org.openqa.selenium.NoSuchElementException"><![CDATA[org.openqa.selenium.NoSuchElementException: Cannot find element using locator mechanism: By.cssSelector: span[class='a-color-state.a-text-bold'] and conditions: present
For documentation on this error, please visit: http://seleniumhq.org/exceptions/no_such_element.html
Build info: version: '3.4.0', revision: 'unknown', time: 'unknown'
System info: host: 'VISHALs-MacBook-Pro-2.local', ip: '192.168.40.106', os.name: 'Mac OS X', os.arch: 'x86_64', os.version: '10.10.3', java.version: '1.8.0_161'
Driver info: driver.version: unknown
	at io.magentys.cinnamon.webdriver.elements.WebElementWrapper.lambda$0(WebElementWrapper.java:37)
	at java.util.Optional.orElseThrow(Optional.java:290)
	at io.magentys.cinnamon.webdriver.elements.WebElementWrapper.getWrappedElement(WebElementWrapper.java:37)
	at io.magentys.cinnamon.webdriver.elements.WebElementWrapper.getText(WebElementWrapper.java:94)
	at io.magentys.cinnamon.webdriver.elements.PageElementFacade.getText(PageElementFacade.java:74)
	at sun.reflect.NativeMethodAccessorImpl.invoke0(Native Method)
	at sun.reflect.NativeMethodAccessorImpl.invoke(NativeMethodAccessorImpl.java:62)
	at sun.reflect.DelegatingMethodAccessorImpl.invoke(DelegatingMethodAccessorImpl.java:43)
	at java.lang.reflect.Method.invoke(Method.java:498)
	at io.magentys.cinnamon.webdriver.support.pagefactory.PageElementInterceptor.intercept(PageElementInterceptor.java:28)
	at io.magentys.cinnamon.webdriver.elements.PageElement$$EnhancerByCGLIB$$72dc5c45.getText(<generated>)
	at com.practice.pages.LandingPage.verifySamsung(LandingPage.java:46)
	at com.practice.stepdefs.StepDefs.i_should_see_list_of_Samsung_phones_displayed(StepDefs.java:38)
	at ✽.Then I should see list of Samsung phones displayed(features/web.feature:12)
]]></error>
  </testcase>
  <testcase name="Scenario: Search Samsung" classname="Scenario: Search Samsung" time="0.047">
    <error message="Cannot find element using locator mechanism: By.cssSelector: span[class=&apos;a-color-state.a-text-bold&apos;] and conditions: present&#10;For documentation on this error, please visit: http://seleniumhq.org/exceptions/no_such_element.html&#10;Build info: version: &apos;3.4.0&apos;, revision: &apos;unknown&apos;, time: &apos;unknown&apos;&#10;System info: host: &apos;VISHALs-MacBook-Pro-2.local&apos;, ip: &apos;192.168.40.106&apos;, os.name: &apos;Mac OS X&apos;, os.arch: &apos;x86_64&apos;, os.version: &apos;10.10.3&apos;, java.version: &apos;1.8.0_161&apos;&#10;Driver info: driver.version: unknown" type="org.openqa.selenium.NoSuchElementException"><![CDATA[org.openqa.selenium.NoSuchElementException: Cannot find element using locator mechanism: By.cssSelector: span[class='a-color-state.a-text-bold'] and conditions: present
For documentation on this error, please visit: http://seleniumhq.org/exceptions/no_such_element.html
Build info: version: '3.4.0', revision: 'unknown', time: 'unknown'
System info: host: 'VISHALs-MacBook-Pro-2.local', ip: '192.168.40.106', os.name: 'Mac OS X', os.arch: 'x86_64', os.version: '10.10.3', java.version: '1.8.0_161'
Driver info: driver.version: unknown
	at io.magentys.cinnamon.webdriver.elements.WebElementWrapper.lambda$0(WebElementWrapper.java:37)
	at java.util.Optional.orElseThrow(Optional.java:290)
	at io.magentys.cinnamon.webdriver.elements.WebElementWrapper.getWrappedElement(WebElementWrapper.java:37)
	at io.magentys.cinnamon.webdriver.elements.WebElementWrapper.getText(WebElementWrapper.java:94)
	at io.magentys.cinnamon.webdriver.elements.PageElementFacade.getText(PageElementFacade.java:74)
	at sun.reflect.NativeMethodAccessorImpl.invoke0(Native Method)
	at sun.reflect.NativeMethodAccessorImpl.invoke(NativeMethodAccessorImpl.java:62)
	at sun.reflect.DelegatingMethodAccessorImpl.invoke(DelegatingMethodAccessorImpl.java:43)
	at java.lang.reflect.Method.invoke(Method.java:498)
	at io.magentys.cinnamon.webdriver.support.pagefactory.PageElementInterceptor.intercept(PageElementInterceptor.java:28)
	at io.magentys.cinnamon.webdriver.elements.PageElement$$EnhancerByCGLIB$$72dc5c45.getText(<generated>)
	at com.practice.pages.LandingPage.verifySamsung(LandingPage.java:46)
	at com.practice.stepdefs.StepDefs.i_should_see_list_of_Samsung_phones_displayed(StepDefs.java:38)
	at ✽.Then I should see list of Samsung phones displayed(features/web.feature:12)
]]></error>
  </testcase>
</testsuite>